Trying:
    print_square = __import__('4-print_square').print_square
Expecting nothing
ok
Trying:
    print_square(5)
Expecting:
    #####
    #####
    #####
    #####
    #####
ok
Trying:
    print_square(True)
Expecting:
    #
ok
Trying:
    print_square(False)
Expecting nothing
ok
Trying:
    print_square(None)
Expecting:
    Traceback (most recent call last):
    TypeError: size must be an integer
ok
Trying:
    print_square(3.5)
Expecting:
    Traceback (most recent call last):
    TypeError: size must be an integer
ok
Trying:
    print_square()
Expecting:
    Traceback (most recent call last):
    TypeError: print_square() missing 1 required positional argument: 'size'
ok
Trying:
    print_square(5, 5, 5, 5)
Expecting nothing
**********************************************************************
File "./tests/4-print_square.txt", line 54, in 4-print_square.txt
Failed example:
    print_square(5, 5, 5, 5)
Exception raised:
    Traceback (most recent call last):
      File "/usr/lib/python3.10/doctest.py", line 1350, in __run
        exec(compile(example.source, filename, "single",
      File "<doctest 4-print_square.txt[7]>", line 1, in <module>
        print_square(5, 5, 5, 5)
    TypeError: print_square() takes 1 positional argument but 4 were given
**********************************************************************
1 items had failures:
   1 of   8 in 4-print_square.txt
8 tests in 1 items.
7 passed and 1 failed.
***Test Failed*** 1 failures.
